<?xml version="1.0" encoding="UTF-8"?>
<testsuites name="TS-Mobile" time="190.195" tests="3" failures="0" errors="0">
   <testsuite name="TS-Mobile" tests="3" failures="0" errors="0" time="190.195" skipped="0" timestamp="2022-12-21 17:58:25" hostname="shida - Axioo" id="Test Suites/TS-Mobile">
      <properties>
         <property name="deviceName" value="vivo vivo 1918 (Android 11)"/>
         <property name="devicePlatform" value=""/>
         <property name="logFolder" value="C:\\Users\\shida\\Katalon Studio\\MobileCapstoneCharum\\Reports\\20221221_175809\\TS-Mobile\\20221221_175809"/>
         <property name="logFiles" value="C:\\Users\\shida\\Katalon Studio\\MobileCapstoneCharum\\Reports\\20221221_175809\\TS-Mobile\\20221221_175809\\appium.log, C:\\Users\\shida\\Katalon Studio\\MobileCapstoneCharum\\Reports\\20221221_175809\\TS-Mobile\\20221221_175809\\execution0.log"/>
         <property name="attachments" value=""/>
         <property name="hostName" value="shida - Axioo"/>
         <property name="os" value="Windows 10 64bit"/>
         <property name="appiumServerStatus" value="{&quot;value&quot;:{&quot;build&quot;:{&quot;version&quot;:&quot;1.22.3&quot;}},&quot;sessionId&quot;:null,&quot;status&quot;:0}"/>
         <property name="katalonVersion" value="8.5.2.208"/>
         <property name="deviceOS" value="Android"/>
         <property name="appiumVersion" value="1.22.3"/>
         <property name="deviceModel" value="vivo 1918"/>
         <property name="hostAddress" value="192.168.55.1"/>
         <property name="deviceManufacturer" value="vivo"/>
         <property name="deviceId" value="5f98ccda"/>
         <property name="deviceName" value="vivo vivo 1918 (Android 11)"/>
         <property name="deviceOSVersion" value="11"/>
      </properties>
      <testcase name="Test Cases/TC01_RegisterUser" time="77.98" classname="Test Cases/TC01_RegisterUser" status="PASSED">
         <system-out><![CDATA[2022-12-21 17:58:25 - [TEST_CASE][PASSED] - Test Cases/TC01_RegisterUser: Test Cases/TC01_RegisterUser

2022-12-21 17:58:27 - [TEST_STEP][PASSED] - startApplication("C:\Users\shida\Downloads\app.apk", true): Started app at: 'C:\Users\shida\Downloads\app.apk'

2022-12-21 17:58:31 - [MESSAGE][INFO] - Detected NodeJS location: "C:\Program Files\nodejs\node.exe"

2022-12-21 17:58:37 - [MESSAGE][INFO] - Appium server started on port 61,742

2022-12-21 17:59:17 - [MESSAGE][INFO] - Failed to get OS statusbar's information using default method.

2022-12-21 17:59:17 - [MESSAGE][PASSED] - Started app at: 'C:\Users\shida\Downloads\app.apk'

2022-12-21 17:59:17 - [TEST_STEP][PASSED] - tap(findTestObject("Object Repository/TC01_RegisterUser/android.widget.Button"), 0): Tapped on element 'Object Repository/TC01_RegisterUser/android.widget.Button'

2022-12-21 17:59:17 - [MESSAGE][WARNING] - Timeout '0' is invalid. Using default page load timeout: '30'

2022-12-21 17:59:18 - [MESSAGE][PASSED] - Tapped on element 'Object Repository/TC01_RegisterUser/android.widget.Button'

2022-12-21 17:59:18 - [TEST_STEP][PASSED] - tap(findTestObject("Object Repository/TC01_RegisterUser/android.widget.EditText - Username"), 0): Tapped on element 'Object Repository/TC01_RegisterUser/android.widget.EditText - Username'

2022-12-21 17:59:19 - [MESSAGE][WARNING] - Timeout '0' is invalid. Using default page load timeout: '30'

2022-12-21 17:59:20 - [MESSAGE][PASSED] - Tapped on element 'Object Repository/TC01_RegisterUser/android.widget.EditText - Username'

2022-12-21 17:59:20 - [TEST_STEP][PASSED] - setText(findTestObject("Object Repository/TC01_RegisterUser/android.widget.EditText - UsernameUsername"), "mobiletesting02", 0): Text 'mobiletesting02' has been set to element 'Object Repository/TC01_RegisterUser/android.widget.EditText - UsernameUsername'

2022-12-21 17:59:20 - [MESSAGE][WARNING] - Timeout '0' is invalid. Using default page load timeout: '30'

2022-12-21 17:59:22 - [MESSAGE][PASSED] - Text 'mobiletesting02' has been set to element 'Object Repository/TC01_RegisterUser/android.widget.EditText - UsernameUsername'

2022-12-21 17:59:22 - [TEST_STEP][PASSED] - tap(findTestObject("Object Repository/TC01_RegisterUser/android.widget.EditText - Name"), 0): Tapped on element 'Object Repository/TC01_RegisterUser/android.widget.EditText - Name'

2022-12-21 17:59:22 - [MESSAGE][WARNING] - Timeout '0' is invalid. Using default page load timeout: '30'

2022-12-21 17:59:23 - [MESSAGE][PASSED] - Tapped on element 'Object Repository/TC01_RegisterUser/android.widget.EditText - Name'

2022-12-21 17:59:23 - [TEST_STEP][PASSED] - setText(findTestObject("Object Repository/TC01_RegisterUser/android.widget.EditText - NameName"), "mobile-qe", 0): Text 'mobile-qe' has been set to element 'Object Repository/TC01_RegisterUser/android.widget.EditText - NameName'

2022-12-21 17:59:23 - [MESSAGE][WARNING] - Timeout '0' is invalid. Using default page load timeout: '30'

2022-12-21 17:59:24 - [MESSAGE][PASSED] - Text 'mobile-qe' has been set to element 'Object Repository/TC01_RegisterUser/android.widget.EditText - NameName'

2022-12-21 17:59:24 - [TEST_STEP][PASSED] - tap(findTestObject("Object Repository/TC01_RegisterUser/android.widget.EditText - Email Address"), 0): Tapped on element 'Object Repository/TC01_RegisterUser/android.widget.EditText - Email Address'

2022-12-21 17:59:24 - [MESSAGE][WARNING] - Timeout '0' is invalid. Using default page load timeout: '30'

2022-12-21 17:59:25 - [MESSAGE][PASSED] - Tapped on element 'Object Repository/TC01_RegisterUser/android.widget.EditText - Email Address'

2022-12-21 17:59:25 - [TEST_STEP][PASSED] - setText(findTestObject("Object Repository/TC01_RegisterUser/android.widget.EditText - Email AddressEmail Address"), "mobiletesting@gmail.com", 0): Text 'mobiletesting@gmail.com' has been set to element 'Object Repository/TC01_RegisterUser/android.widget.EditText - Email AddressEmail Address'

2022-12-21 17:59:25 - [MESSAGE][WARNING] - Timeout '0' is invalid. Using default page load timeout: '30'

2022-12-21 17:59:26 - [MESSAGE][PASSED] - Text 'mobiletesting@gmail.com' has been set to element 'Object Repository/TC01_RegisterUser/android.widget.EditText - Email AddressEmail Address'

2022-12-21 17:59:26 - [TEST_STEP][PASSED] - tap(findTestObject("Object Repository/TC01_RegisterUser/android.widget.EditText - Password"), 0): Tapped on element 'Object Repository/TC01_RegisterUser/android.widget.EditText - Password'

2022-12-21 17:59:26 - [MESSAGE][WARNING] - Timeout '0' is invalid. Using default page load timeout: '30'

2022-12-21 17:59:27 - [MESSAGE][PASSED] - Tapped on element 'Object Repository/TC01_RegisterUser/android.widget.EditText - Password'

2022-12-21 17:59:27 - [TEST_STEP][PASSED] - setEncryptedText(findTestObject("Object Repository/TC01_RegisterUser/android.widget.EditText - PasswordPassword"), "mrBegcMWHNUPJ3RVAwNp6g==", 0): Encrypted text 'mrBegcMWHNUPJ3RVAwNp6g==' has been set to element 'Object Repository/TC01_RegisterUser/android.widget.EditText - PasswordPassword'

2022-12-21 17:59:27 - [MESSAGE][WARNING] - Timeout '0' is invalid. Using default page load timeout: '30'

2022-12-21 17:59:28 - [MESSAGE][PASSED] - Encrypted text 'mrBegcMWHNUPJ3RVAwNp6g==' has been set to element 'Object Repository/TC01_RegisterUser/android.widget.EditText - PasswordPassword'

2022-12-21 17:59:28 - [TEST_STEP][PASSED] - tap(findTestObject("Object Repository/TC01_RegisterUser/android.widget.Button (1)"), 0): Tapped on element 'Object Repository/TC01_RegisterUser/android.widget.Button (1)'

2022-12-21 17:59:28 - [MESSAGE][WARNING] - Timeout '0' is invalid. Using default page load timeout: '30'

2022-12-21 17:59:29 - [MESSAGE][PASSED] - Tapped on element 'Object Repository/TC01_RegisterUser/android.widget.Button (1)'

2022-12-21 17:59:29 - [TEST_STEP][PASSED] - tap(findTestObject("Object Repository/TC01_RegisterUser/android.widget.EditText - Confirm Password"), 0): Tapped on element 'Object Repository/TC01_RegisterUser/android.widget.EditText - Confirm Password'

2022-12-21 17:59:29 - [MESSAGE][WARNING] - Timeout '0' is invalid. Using default page load timeout: '30'

2022-12-21 17:59:30 - [MESSAGE][PASSED] - Tapped on element 'Object Repository/TC01_RegisterUser/android.widget.EditText - Confirm Password'

2022-12-21 17:59:30 - [TEST_STEP][PASSED] - setEncryptedText(findTestObject("Object Repository/TC01_RegisterUser/android.widget.EditText - Confirm PasswordConfirm Password"), "mrBegcMWHNUPJ3RVAwNp6g==", 0): Encrypted text 'mrBegcMWHNUPJ3RVAwNp6g==' has been set to element 'Object Repository/TC01_RegisterUser/android.widget.EditText - Confirm PasswordConfirm Password'

2022-12-21 17:59:30 - [MESSAGE][WARNING] - Timeout '0' is invalid. Using default page load timeout: '30'

2022-12-21 17:59:31 - [MESSAGE][PASSED] - Encrypted text 'mrBegcMWHNUPJ3RVAwNp6g==' has been set to element 'Object Repository/TC01_RegisterUser/android.widget.EditText - Confirm PasswordConfirm Password'

2022-12-21 17:59:31 - [TEST_STEP][PASSED] - tap(findTestObject("Object Repository/TC01_RegisterUser/android.widget.Button (2)"), 0): Tapped on element 'Object Repository/TC01_RegisterUser/android.widget.Button (2)'

2022-12-21 17:59:31 - [MESSAGE][WARNING] - Timeout '0' is invalid. Using default page load timeout: '30'

2022-12-21 17:59:32 - [MESSAGE][PASSED] - Tapped on element 'Object Repository/TC01_RegisterUser/android.widget.Button (2)'

2022-12-21 17:59:32 - [TEST_STEP][PASSED] - tap(findTestObject("Object Repository/TC01_RegisterUser/android.widget.ScrollView"), 0): Tapped on element 'Object Repository/TC01_RegisterUser/android.widget.ScrollView'

2022-12-21 17:59:32 - [MESSAGE][WARNING] - Timeout '0' is invalid. Using default page load timeout: '30'

2022-12-21 17:59:33 - [MESSAGE][PASSED] - Tapped on element 'Object Repository/TC01_RegisterUser/android.widget.ScrollView'

2022-12-21 17:59:33 - [TEST_STEP][PASSED] - hideKeyboard(): Keyboard is hidden

2022-12-21 17:59:38 - [MESSAGE][PASSED] - Keyboard is hidden

2022-12-21 17:59:38 - [TEST_STEP][PASSED] - tap(findTestObject("Object Repository/TC01_RegisterUser/android.widget.Button (3)"), 0): Tapped on element 'Object Repository/TC01_RegisterUser/android.widget.Button (3)'

2022-12-21 17:59:38 - [MESSAGE][WARNING] - Timeout '0' is invalid. Using default page load timeout: '30'

2022-12-21 17:59:39 - [MESSAGE][PASSED] - Tapped on element 'Object Repository/TC01_RegisterUser/android.widget.Button (3)'

2022-12-21 17:59:39 - [TEST_STEP][PASSED] - tap(findTestObject("Object Repository/TC01_RegisterUser/android.widget.Button (4)"), 0): Tapped on element 'Object Repository/TC01_RegisterUser/android.widget.Button (4)'

2022-12-21 17:59:39 - [MESSAGE][WARNING] - Timeout '0' is invalid. Using default page load timeout: '30'

2022-12-21 17:59:40 - [MESSAGE][PASSED] - Tapped on element 'Object Repository/TC01_RegisterUser/android.widget.Button (4)'

2022-12-21 17:59:40 - [TEST_STEP][PASSED] - closeApplication(): Close app successfully

2022-12-21 17:59:43 - [MESSAGE][PASSED] - Close app successfully]]></system-out>
         <system-err><![CDATA[]]></system-err>
      </testcase>
      <testcase name="Test Cases/TC02_LoginUser" time="45.899" classname="Test Cases/TC02_LoginUser" status="PASSED">
         <system-out><![CDATA[2022-12-21 17:59:43 - [TEST_CASE][PASSED] - Test Cases/TC02_LoginUser: Test Cases/TC02_LoginUser

2022-12-21 17:59:45 - [TEST_STEP][PASSED] - startApplication("C:\Users\shida\Downloads\app.apk", true): Started app at: 'C:\Users\shida\Downloads\app.apk'

2022-12-21 17:59:45 - [MESSAGE][INFO] - Detected NodeJS location: "C:\Program Files\nodejs\node.exe"

2022-12-21 17:59:49 - [MESSAGE][INFO] - Appium server started on port 61,987

2022-12-21 18:00:14 - [MESSAGE][INFO] - Failed to get OS statusbar's information using default method.

2022-12-21 18:00:14 - [MESSAGE][PASSED] - Started app at: 'C:\Users\shida\Downloads\app.apk'

2022-12-21 18:00:14 - [TEST_STEP][PASSED] - tap(findTestObject("Object Repository/TC02_LoginUser/android.widget.EditText - Username  Email"), 0): Tapped on element 'Object Repository/TC02_LoginUser/android.widget.EditText - Username  Email'

2022-12-21 18:00:15 - [MESSAGE][WARNING] - Timeout '0' is invalid. Using default page load timeout: '30'

2022-12-21 18:00:20 - [MESSAGE][PASSED] - Tapped on element 'Object Repository/TC02_LoginUser/android.widget.EditText - Username  Email'

2022-12-21 18:00:20 - [TEST_STEP][PASSED] - setText(findTestObject("Object Repository/TC02_LoginUser/android.widget.EditText - Username  EmailUsername  Email"), "mobiletesting@gmail.com", 0): Text 'mobiletesting@gmail.com' has been set to element 'Object Repository/TC02_LoginUser/android.widget.EditText - Username  EmailUsername  Email'

2022-12-21 18:00:20 - [MESSAGE][WARNING] - Timeout '0' is invalid. Using default page load timeout: '30'

2022-12-21 18:00:22 - [MESSAGE][PASSED] - Text 'mobiletesting@gmail.com' has been set to element 'Object Repository/TC02_LoginUser/android.widget.EditText - Username  EmailUsername  Email'

2022-12-21 18:00:22 - [TEST_STEP][PASSED] - tap(findTestObject("Object Repository/TC02_LoginUser/android.widget.EditText - Password"), 0): Tapped on element 'Object Repository/TC02_LoginUser/android.widget.EditText - Password'

2022-12-21 18:00:22 - [MESSAGE][WARNING] - Timeout '0' is invalid. Using default page load timeout: '30'

2022-12-21 18:00:23 - [MESSAGE][PASSED] - Tapped on element 'Object Repository/TC02_LoginUser/android.widget.EditText - Password'

2022-12-21 18:00:23 - [TEST_STEP][PASSED] - setEncryptedText(findTestObject("Object Repository/TC02_LoginUser/android.widget.EditText - PasswordPassword"), "mrBegcMWHNUPJ3RVAwNp6g==", 0): Encrypted text 'mrBegcMWHNUPJ3RVAwNp6g==' has been set to element 'Object Repository/TC02_LoginUser/android.widget.EditText - PasswordPassword'

2022-12-21 18:00:23 - [MESSAGE][WARNING] - Timeout '0' is invalid. Using default page load timeout: '30'

2022-12-21 18:00:24 - [MESSAGE][PASSED] - Encrypted text 'mrBegcMWHNUPJ3RVAwNp6g==' has been set to element 'Object Repository/TC02_LoginUser/android.widget.EditText - PasswordPassword'

2022-12-21 18:00:24 - [TEST_STEP][PASSED] - tap(findTestObject("Object Repository/TC02_LoginUser/android.widget.Button"), 0): Tapped on element 'Object Repository/TC02_LoginUser/android.widget.Button'

2022-12-21 18:00:24 - [MESSAGE][WARNING] - Timeout '0' is invalid. Using default page load timeout: '30'

2022-12-21 18:00:25 - [MESSAGE][PASSED] - Tapped on element 'Object Repository/TC02_LoginUser/android.widget.Button'

2022-12-21 18:00:25 - [TEST_STEP][PASSED] - tap(findTestObject("Object Repository/TC02_LoginUser/android.widget.ScrollView"), 0): Tapped on element 'Object Repository/TC02_LoginUser/android.widget.ScrollView'

2022-12-21 18:00:26 - [MESSAGE][WARNING] - Timeout '0' is invalid. Using default page load timeout: '30'

2022-12-21 18:00:28 - [MESSAGE][PASSED] - Tapped on element 'Object Repository/TC02_LoginUser/android.widget.ScrollView'

2022-12-21 18:00:28 - [TEST_STEP][PASSED] - closeApplication(): Close app successfully

2022-12-21 18:00:29 - [MESSAGE][PASSED] - Close app successfully]]></system-out>
         <system-err><![CDATA[]]></system-err>
      </testcase>
      <testcase name="Test Cases/TC03_UsercreateThread" time="65.321" classname="Test Cases/TC03_UsercreateThread" status="PASSED">
         <system-out><![CDATA[2022-12-21 18:00:29 - [TEST_CASE][PASSED] - Test Cases/TC03_UsercreateThread: Test Cases/TC03_UsercreateThread

2022-12-21 18:00:30 - [TEST_STEP][PASSED] - startApplication("C:\Users\shida\Downloads\app.apk", true): Started app at: 'C:\Users\shida\Downloads\app.apk'

2022-12-21 18:00:31 - [MESSAGE][INFO] - Detected NodeJS location: "C:\Program Files\nodejs\node.exe"

2022-12-21 18:00:33 - [MESSAGE][INFO] - Appium server started on port 62,207

2022-12-21 18:00:58 - [MESSAGE][INFO] - Failed to get OS statusbar's information using default method.

2022-12-21 18:00:58 - [MESSAGE][PASSED] - Started app at: 'C:\Users\shida\Downloads\app.apk'

2022-12-21 18:00:58 - [TEST_STEP][PASSED] - tap(findTestObject("Object Repository/TC03_UserCreateThread/android.widget.EditText - Username  Email"), 0): Tapped on element 'Object Repository/TC03_UserCreateThread/android.widget.EditText - Username  Email'

2022-12-21 18:00:59 - [MESSAGE][WARNING] - Timeout '0' is invalid. Using default page load timeout: '30'

2022-12-21 18:01:20 - [MESSAGE][PASSED] - Tapped on element 'Object Repository/TC03_UserCreateThread/android.widget.EditText - Username  Email'

2022-12-21 18:01:20 - [TEST_STEP][PASSED] - setText(findTestObject("Object Repository/TC03_UserCreateThread/android.widget.EditText - Username  EmailUsername  Email"), "mobiletesting@gmail.com", 0): Text 'mobiletesting@gmail.com' has been set to element 'Object Repository/TC03_UserCreateThread/android.widget.EditText - Username  EmailUsername  Email'

2022-12-21 18:01:20 - [MESSAGE][WARNING] - Timeout '0' is invalid. Using default page load timeout: '30'

2022-12-21 18:01:21 - [MESSAGE][PASSED] - Text 'mobiletesting@gmail.com' has been set to element 'Object Repository/TC03_UserCreateThread/android.widget.EditText - Username  EmailUsername  Email'

2022-12-21 18:01:22 - [TEST_STEP][PASSED] - tap(findTestObject("Object Repository/TC03_UserCreateThread/android.widget.EditText - Password"), 0): Tapped on element 'Object Repository/TC03_UserCreateThread/android.widget.EditText - Password'

2022-12-21 18:01:22 - [MESSAGE][WARNING] - Timeout '0' is invalid. Using default page load timeout: '30'

2022-12-21 18:01:22 - [MESSAGE][PASSED] - Tapped on element 'Object Repository/TC03_UserCreateThread/android.widget.EditText - Password'

2022-12-21 18:01:22 - [TEST_STEP][PASSED] - setEncryptedText(findTestObject("Object Repository/TC03_UserCreateThread/android.widget.EditText - PasswordPassword"), "mrBegcMWHNUPJ3RVAwNp6g==", 0): Encrypted text 'mrBegcMWHNUPJ3RVAwNp6g==' has been set to element 'Object Repository/TC03_UserCreateThread/android.widget.EditText - PasswordPassword'

2022-12-21 18:01:23 - [MESSAGE][WARNING] - Timeout '0' is invalid. Using default page load timeout: '30'

2022-12-21 18:01:24 - [MESSAGE][PASSED] - Encrypted text 'mrBegcMWHNUPJ3RVAwNp6g==' has been set to element 'Object Repository/TC03_UserCreateThread/android.widget.EditText - PasswordPassword'

2022-12-21 18:01:24 - [TEST_STEP][PASSED] - tap(findTestObject("Object Repository/TC03_UserCreateThread/android.widget.Button"), 0): Tapped on element 'Object Repository/TC03_UserCreateThread/android.widget.Button'

2022-12-21 18:01:24 - [MESSAGE][WARNING] - Timeout '0' is invalid. Using default page load timeout: '30'

2022-12-21 18:01:25 - [MESSAGE][PASSED] - Tapped on element 'Object Repository/TC03_UserCreateThread/android.widget.Button'

2022-12-21 18:01:25 - [TEST_STEP][PASSED] - tap(findTestObject("Object Repository/TC03_UserCreateThread/android.widget.Button (1)"), 0): Tapped on element 'Object Repository/TC03_UserCreateThread/android.widget.Button (1)'

2022-12-21 18:01:25 - [MESSAGE][WARNING] - Timeout '0' is invalid. Using default page load timeout: '30'

2022-12-21 18:01:27 - [MESSAGE][PASSED] - Tapped on element 'Object Repository/TC03_UserCreateThread/android.widget.Button (1)'

2022-12-21 18:01:27 - [TEST_STEP][PASSED] - tap(findTestObject("Object Repository/TC03_UserCreateThread/android.widget.EditText - Add an interesting title"), 0): Tapped on element 'Object Repository/TC03_UserCreateThread/android.widget.EditText - Add an interesting title'

2022-12-21 18:01:27 - [MESSAGE][WARNING] - Timeout '0' is invalid. Using default page load timeout: '30'

2022-12-21 18:01:28 - [MESSAGE][PASSED] - Tapped on element 'Object Repository/TC03_UserCreateThread/android.widget.EditText - Add an interesting title'

2022-12-21 18:01:28 - [TEST_STEP][PASSED] - setText(findTestObject("Object Repository/TC03_UserCreateThread/android.widget.EditText - Add an interesting title (1)"), "Prospek gaji programmer tahun 3000, Bikin kamu joget", 0): Text 'Prospek gaji programmer tahun 3000, Bikin kamu joget' has been set to element 'Object Repository/TC03_UserCreateThread/android.widget.EditText - Add an interesting title (1)'

2022-12-21 18:01:28 - [MESSAGE][WARNING] - Timeout '0' is invalid. Using default page load timeout: '30'

2022-12-21 18:01:30 - [MESSAGE][PASSED] - Text 'Prospek gaji programmer tahun 3000, Bikin kamu joget' has been set to element 'Object Repository/TC03_UserCreateThread/android.widget.EditText - Add an interesting title (1)'

2022-12-21 18:01:30 - [TEST_STEP][PASSED] - tap(findTestObject("Object Repository/TC03_UserCreateThread/android.widget.EditText - Write something"), 0): Tapped on element 'Object Repository/TC03_UserCreateThread/android.widget.EditText - Write something'

2022-12-21 18:01:30 - [MESSAGE][WARNING] - Timeout '0' is invalid. Using default page load timeout: '30'

2022-12-21 18:01:31 - [MESSAGE][PASSED] - Tapped on element 'Object Repository/TC03_UserCreateThread/android.widget.EditText - Write something'

2022-12-21 18:01:31 - [TEST_STEP][PASSED] - setText(findTestObject("Object Repository/TC03_UserCreateThread/android.widget.EditText - Write something (1)"), "Gua pengen udahan ", 0): Text 'Gua pengen udahan ' has been set to element 'Object Repository/TC03_UserCreateThread/android.widget.EditText - Write something (1)'

2022-12-21 18:01:31 - [MESSAGE][WARNING] - Timeout '0' is invalid. Using default page load timeout: '30'

2022-12-21 18:01:32 - [MESSAGE][PASSED] - Text 'Gua pengen udahan ' has been set to element 'Object Repository/TC03_UserCreateThread/android.widget.EditText - Write something (1)'

2022-12-21 18:01:32 - [TEST_STEP][PASSED] - tap(findTestObject("Object Repository/TC03_UserCreateThread/android.view.View"), 0): Tapped on element 'Object Repository/TC03_UserCreateThread/android.view.View'

2022-12-21 18:01:32 - [MESSAGE][WARNING] - Timeout '0' is invalid. Using default page load timeout: '30'

2022-12-21 18:01:33 - [MESSAGE][PASSED] - Tapped on element 'Object Repository/TC03_UserCreateThread/android.view.View'

2022-12-21 18:01:33 - [TEST_STEP][PASSED] - closeApplication(): Close app successfully

2022-12-21 18:01:35 - [MESSAGE][PASSED] - Close app successfully]]></system-out>
         <system-err><![CDATA[]]></system-err>
      </testcase>
      <system-out><![CDATA[2022-12-21 17:58:25 - [TEST_SUITE][PASSED] - TS-Mobile: Test Cases/TC03_UsercreateThread]]></system-out>
      <system-err><![CDATA[]]></system-err>
   </testsuite>
</testsuites>
